#
# There is insufficient memory for the Java Runtime Environment to continue.
# Native memory allocation (malloc) failed to allocate 1048576 bytes for AllocateHeap
# Possible reasons:
#   The system is out of physical RAM or swap space
#   The process is running with CompressedOops enabled, and the Java Heap may be blocking the growth of the native heap
# Possible solutions:
#   Reduce memory load on the system
#   Increase physical memory or swap space
#   Check if swap backing store is full
#   Decrease Java heap size (-Xmx/-Xms)
#   Decrease number of Java threads
#   Decrease Java thread stack sizes (-Xss)
#   Set larger code cache with -XX:ReservedCodeCacheSize=
#   JVM is running with Unscaled Compressed Oops mode in which the Java heap is
#     placed in the first 4GB address space. The Java Heap base address is the
#     maximum limit for the native heap growth. Please use -XX:HeapBaseMinAddress
#     to set the Java Heap base and to place the Java Heap above 4GB virtual address.
# This output file may be truncated or incomplete.
#
#  Out of Memory Error (./open/src/hotspot/share/memory/allocation.cpp:44), pid=14880, tid=14220
#
# JRE version:  (14.0.2+12) (build )
# Java VM: Java HotSpot(TM) 64-Bit Server VM (14.0.2+12-46, mixed mode, sharing, tiered, compressed oops, g1 gc, windows-amd64)
# No core dump will be written. Minidumps are not enabled by default on client versions of Windows
#

---------------  S U M M A R Y ------------

Command Line: -Dapplication.home=C:\Program Files\Java\jdk-14.0.2 --add-modules=ALL-DEFAULT -Xms8m -Djdk.module.main=jdk.compiler jdk.compiler/com.sun.tools.javac.Main -d C:\Users\admin\Documents\NetBeansProjects\Travel Managment System\build\classes -classpath C:\Users\admin\Documents\NetBeansProjects\Travel Managment System\build\classes;C:\Users\admin\Documents\NetBeansProjects\Travel Managment System\mysql-connector-java-8.0.23\mysql-connector-java-8.0.23.jar -sourcepath C:\Users\admin\Documents\NetBeansProjects\Travel Managment System\src -target 14 -encoding UTF-8 -g -processorpath C:\Users\admin\Documents\NetBeansProjects\Travel Managment System\mysql-connector-java-8.0.23\mysql-connector-java-8.0.23.jar;C:\Users\admin\Documents\NetBeansProjects\Travel Managment System\build\empty -s C:\Users\admin\Documents\NetBeansProjects\Travel Managment System\build\generated-sources\ap-source-output -source 14 C:\Users\admin\Documents\NetBeansProjects\Travel Managment System\src\travel\managment\system\CheckPackage.java

Host: Intel(R) Core(TM) i3-6100U CPU @ 2.30GHz, 4 cores, 3G,  Windows 10 , 64 bit Build 18362 (10.0.18362.1350)
Time: Fri Mar 12 10:59:35 2021 India Standard Time elapsed time: 0 seconds (0d 0h 0m 0s)

---------------  T H R E A D  ---------------

Current thread (0x000002632b38c000):  JavaThread "Unknown thread" [_thread_in_vm, id=14220, stack(0x000000918a900000,0x000000918aa00000)]

Stack: [0x000000918a900000,0x000000918aa00000]
Native frames: (J=compiled Java code, j=interpreted, Vv=VM code, C=native code)
V  [jvm.dll+0x5f8a9a]