#
# There is insufficient memory for the Java Runtime Environment to continue.
# Native memory allocation (malloc) failed to allocate 1048576 bytes for AllocateHeap
# Possible reasons:
#   The system is out of physical RAM or swap space
#   The process is running with CompressedOops enabled, and the Java Heap may be blocking the growth of the native heap
# Possible solutions:
#   Reduce memory load on the system
#   Increase physical memory or swap space
#   Check if swap backing store is full
#   Decrease Java heap size (-Xmx/-Xms)
#   Decrease number of Java threads
#   Decrease Java thread stack sizes (-Xss)
#   Set larger code cache with -XX:ReservedCodeCacheSize=
#   JVM is running with Unscaled Compressed Oops mode in which the Java heap is
#     placed in the first 4GB address space. The Java Heap base address is the
#     maximum limit for the native heap growth. Please use -XX:HeapBaseMinAddress
#     to set the Java Heap base and to place the Java Heap above 4GB virtual address.
# This output file may be truncated or incomplete.
#
#  Out of Memory Error (./open/src/hotspot/share/memory/allocation.cpp:44), pid=15220, tid=7876
#
# JRE version:  (14.0.2+12) (build )
# Java VM: Java HotSpot(TM) 64-Bit Server VM (14.0.2+12-46, mixed mode, sharing, tiered, compressed oops, g1 gc, windows-amd64)
# No core dump will be written. Minidumps are not enabled by default on client versions of Windows
#

---------------  S U M M A R Y ------------

Command Line: -Dapplication.home=C:\Program Files\Java\jdk-14.0.2 --add-modules=ALL-DEFAULT -Xms8m -Djdk.module.main=jdk.compiler jdk.compiler/com.sun.tools.javac.Main -d C:\Users\admin\Documents\NetBeansProjects\Travel Managment System\build\classes -classpath C:\Users\admin\Documents\NetBeansProjects\Travel Managment System\build\classes;C:\Users\admin\Documents\NetBeansProjects\Travel Managment System\mysql-connector-java-8.0.23\mysql-connector-java-8.0.23.jar -sourcepath C:\Users\admin\Documents\NetBeansProjects\Travel Managment System\src -target 14 -encoding UTF-8 -g -processorpath C:\Users\admin\Documents\NetBeansProjects\Travel Managment System\mysql-connector-java-8.0.23\mysql-connector-java-8.0.23.jar;C:\Users\admin\Documents\NetBeansProjects\Travel Managment System\build\empty -s C:\Users\admin\Documents\NetBeansProjects\Travel Managment System\build\generated-sources\ap-source-output -source 14 C:\Users\admin\Documents\NetBeansProjects\Travel Managment System\src\travel\managment\system\CheckPackage.java

Host: Intel(R) Core(TM) i3-6100U CPU @ 2.30GHz, 4 cores, 3G,  Windows 10 , 64 bit Build 18362 (10.0.18362.1350)
Time: Fri Mar 12 10:56:57 2021 India Standard Time elapsed time: 0 seconds (0d 0h 0m 0s)

---------------  T H R E A D  ---------------

Current thread (0x000002bdc82ec000):  JavaThread "Unknown thread" [_thread_in_vm, id=7876, stack(0x000000f7d7e00000,0x000000f7d7f00000)]

Stack: [0x000000f7d7e00000,0x000000f7d7f00000]
Native frames: (J=compiled Java code, j=interpreted, Vv=VM code, C=native code)
V  [jvm.dll+0x5f8a9a]
V  [jvm.dll+0x74247a]
V  [jvm.dll+0x743c2f]
V  [jvm.dll+0x744273]
V  [jvm.dll+0x20d288]
V  [jvm.dll+0xa2b2f]
V  [jvm.dll+0x2a97f3]
V  [jvm.dll+0x2a1a3c]
V  [jvm.dll+0x71fd48]
V  [jvm.dll+0x321c14]
V  [jvm.dll+0x70112c]
V  [jvm.dll+0x392def]
V  [jvm.dll+0x394e61]
C  [jli.dll+0x524b]
C  [ucrtbase.dll+0x210b2]
C  [KERNEL32.DLL+0x17c24]
C  [ntdll.dll+0x6d721]


---------------  P R O C E S S  ---------------

Threads class SMR info:
_java_thread_list=0x00007ffe4c813038, length=0, elements={
}

Java Threads: ( => current thread )

Other Threads:
  0x000002bdc831c800 GCTaskThread "GC Thread#0" [stack: 0x000000f7d7f00000,0x000000f7d8000000] [id=18312]

[error occurred during error reporting (printing all threads), id 0xc0000005, EXCEPTION_ACCESS_VIOLATION (0xc0000005) at pc=0x00007ffe4c03e220]

VM state:not at safepoint (not fully initialized)

VM Mutex/Monitor currently owned by a thread:  ([mutex/lock_event])
[0x000002bdc82e8030] Heap_lock - owner thread: 0x000002bdc82ec000

Heap address: 0x00000000c4a00000, size: 950 MB, Compressed Oops mode: 32-bit
Narrow klass base: 0x0000000000000000, Narrow klass shift: 0

GC Heap History (0 events):
No events

Deoptimization events (0 events):
No events

Classes unloaded (0 events):
No events

Classes redefined (0 events):
No events

Internal exceptions (0 events):
No events

Events (2 events):
Event: 0.019 Loaded shared library C:\Program Files\Java\jdk-14.0.2\bin\java.dll
Event: 0.048 Loaded shared library C:\Program Files\Java\jdk-14.0.2\bin\zip.dll


Dynamic libraries:
0x00007ff742560000 - 0x00007ff742567000 	C:\Program Files\Java\jdk-14.0.2\bin\javac.exe
0x00007ffea92c0000 - 0x00007ffea94b0000 	C:\Windows\SYSTEM32\ntdll.dll
0x00007ffea8cc0000 - 0x00007ffea8d72000 	C:\Windows\System32\KERNEL32.DLL
0x00007ffea6cf0000 - 0x00007ffea6f95000 	C:\Windows\System32\KERNELBASE.dll
0x00007ffea6fa0000 - 0x00007ffea709a000 	C:\Windows\System32\ucrtbase.dll
0x00007ffe933e0000 - 0x00007ffe933f8000 	C:\Program Files\Java\jdk-14.0.2\bin\jli.dll
0x00007ffea7dc0000 - 0x00007ffea7e63000 	C:\Windows\System32\ADVAPI32.dll
0x00007ffea7440000 - 0x00007ffea74de000 	C:\Windows\System32\msvcrt.dll
0x00007ffea82a0000 - 0x00007ffea8337000 	C:\Windows\System32\sechost.dll
0x00007ffea8100000 - 0x00007ffea821f000 	C:\Windows\System32\RPCRT4.dll
0x00007ffea8420000 - 0x00007ffea85b4000 	C:\Windows\System32\USER32.dll
0x00007ffea7150000 - 0x00007ffea7171000 	C:\Windows\System32\win32u.dll
0x00007ffea7bd0000 - 0x00007ffea7bf6000 	C:\Windows\System32\GDI32.dll
0x00007ffea6a70000 - 0x00007ffea6c08000 	C:\Windows\System32\gdi32full.dll
0x00007ffea72d0000 - 0x00007ffea736e000 	C:\Windows\System32\msvcp_win.dll
0x00007ffe88cc0000 - 0x00007ffe88cd5000 	C:\Program Files\Java\jdk-14.0.2\bin\VCRUNTIME140.dll
0x00007ffe9e1e0000 - 0x00007ffe9e464000 	C:\Windows\WinSxS\amd64_microsoft.windows.common-controls_6595b64144ccf1df_6.0.18362.1379_none_9e7ff3b3e45cc0c4\COMCTL32.dll
0x00007ffea8e50000 - 0x00007ffea9187000 	C:\Windows\System32\combase.dll
0x00007ffea69e0000 - 0x00007ffea6a61000 	C:\Windows\System32\bcryptPrimitives.dll
0x00007ffea4fb0000 - 0x00007ffea4fba000 	C:\Windows\SYSTEM32\VERSION.dll
0x00007ffea9250000 - 0x00007ffea927e000 	C:\Windows\System32\IMM32.DLL
0x00007ffe779b0000 - 0x00007ffe77a4b000 	C:\Program Files\Java\jdk-14.0.2\bin\msvcp140.dll
0x00007ffe4bd90000 - 0x00007ffe4c8ae000 	C:\Program Files\Java\jdk-14.0.2\bin\server\jvm.dll
0x00007ffea8700000 - 0x00007ffea8708000 	C:\Windows\System32\PSAPI.DLL
0x00007ffe9ae50000 - 0x00007ffe9ae59000 	C:\Windows\SYSTEM32\WSOCK32.dll
0x00007ffea8670000 - 0x00007ffea86df000 	C:\Windows\System32\WS2_32.dll
0x00007ffea3ab0000 - 0x00007ffea3ad4000 	C:\Windows\SYSTEM32\WINMM.dll
0x00007ffea3a80000 - 0x00007ffea3aad000 	C:\Windows\SYSTEM32\winmmbase.dll
0x00007ffea7100000 - 0x00007ffea714a000 	C:\Windows\System32\cfgmgr32.dll
0x00007ffea6200000 - 0x00007ffea6211000 	C:\Windows\System32\kernel.appcore.dll
0x00007ffea0f80000 - 0x00007ffea0f8a000 	C:\Program Files\Java\jdk-14.0.2\bin\jimage.dll
0x00007ffe98100000 - 0x00007ffe982f4000 	C:\Windows\SYSTEM32\DBGHELP.DLL
0x00007ffe968a0000 - 0x00007ffe968ca000 	C:\Windows\SYSTEM32\dbgcore.DLL
0x00007ffe86f30000 - 0x00007ffe86f55000 	C:\Program Files\Java\jdk-14.0.2\bin\java.dll
0x00007ffe88340000 - 0x00007ffe88356000 	C:\Program Files\Java\jdk-14.0.2\bin\zip.dll

dbghelp: loaded successfully - version: 4.0.5 - missing functions: none
symbol engine: initialized successfully - sym options: 0x614 - pdb path: .;C:\Program Files\Java\jdk-14.0.2\bin;C:\Windows\SYSTEM32;C:\Windows\WinSxS\amd64_microsoft.windows.common-controls_6595b64144ccf1df_6.0.18362.1379_none_9e7ff3b3e45cc0c4;C:\Program Files\Java\jdk-14.0.2\bin\server

VM Arguments:
jvm_args: -Dapplication.home=C:\Program Files\Java\jdk-14.0.2 --add-modules=ALL-DEFAULT -Xms8m -Djdk.module.main=jdk.compiler 
java_command: jdk.compiler/com.sun.tools.javac.Main -d C:\Users\admin\Documents\NetBeansProjects\Travel Managment System\build\classes -classpath C:\Users\admin\Documents\NetBeansProjects\Travel Managment System\build\classes;C:\Users\admin\Documents\NetBeansProjects\Travel Managment System\mysql-connector-java-8.0.23\mysql-connector-java-8.0.23.jar -sourcepath C:\Users\admin\Documents\NetBeansProjects\Travel Managment System\src -target 14 -encoding UTF-8 -g -processorpath C:\Users\admin\Documents\NetBeansProjects\Travel Managment System\mysql-connector-java-8.0.23\mysql-connector-java-8.0.23.jar;C:\Users\admin\Documents\NetBeansProjects\Travel Managment System\build\empty -s C:\Users\admin\Documents\NetBeansProjects\Travel Managment System\build\generated-sources\ap-source-output -source 14 C:\Users\admin\Documents\NetBeansProjects\Travel Managment System\src\travel\managment\system\CheckPackage.java
java_class_path (initial): <not set>
Launcher Type: SUN_STANDARD

[Global flags]
     intx CICompilerCount                          = 3                                         {product} {ergonomic}
     uint ConcGCThreads                            = 1                                         {product} {ergonomic}
     uint G1ConcRefinementThreads                  = 4                                         {product} {ergonomic}
   size_t G1HeapRegionSize                         = 1048576                                   {product} {ergonomic}
    uintx GCDrainStackTargetSize                   = 64                                        {product} {ergonomic}
   size_t InitialHeapSize                          = 8388608                                   {product} {command line}
   size_t MarkStackSize                            = 4194304                                   {product} {ergonomic}
   size_t MaxHeapSize                              = 996147200                                 {product} {ergonomic}
   size_t MinHeapDeltaBytes                        = 1048576                                   {product} {ergonomic}
   size_t MinHeapSize                              = 8388608                                   {product} {command line}
    uintx NonNMethodCodeHeapSize                   = 5832780                                {pd product} {ergonomic}
    uintx NonProfiledCodeHeapSize                  = 122912730                              {pd product} {ergonomic}
    uintx ProfiledCodeHeapSize                     = 122912730                              {pd product} {ergonomic}
    uintx ReservedCodeCacheSize                    = 251658240                              {pd product} {ergonomic}
     bool SegmentedCodeCache                       = true                                      {product} {ergonomic}
   size_t SoftMaxHeapSize                          = 996147200                              {manageable} {ergonomic}
     bool UseCompressedClassPointers               = true                                 {lp64_product} {ergonomic}
     bool UseCompressedOops                        = true                                 {lp64_product} {ergonomic}
     bool UseG1GC                                  = true                                      {product} {ergonomic}
     bool UseLargePagesIndividualAllocation        = false                                  {pd product} {ergonomic}

Logging:
Log output configuration:
 #0: stdout all=warning uptime,level,tags
 #1: stderr all=off uptime,level,tags

Environment Variables:
JAVA_HOME=C:\Program Files\Java\jdk-14.0.2
PATH=C:\Windows\system32;C:\Windows;C:\Windows\System32\Wbem;C:\Windows\System32\WindowsPowerShell\v1.0\;C:\Windows\System32\OpenSSH\;C:\Program Files\Java\jdk-14.0.2\bin;c:\Program Files (x86)\Microsoft SQL Server\90\Tools\binn\;C:\Program Files\MySQL\MySQL Server 5.5\bin;C:\Users\admin\AppData\Local\Microsoft\WindowsApps;
USERNAME=admin
OS=Windows_NT
PROCESSOR_IDENTIFIER=Intel64 Family 6 Model 78 Stepping 3, GenuineIntel



---------------  S Y S T E M  ---------------

OS: Windows 10 , 64 bit Build 18362 (10.0.18362.1350)
OS uptime: 6 days 23:51 hours

CPU:total 4 (initial active 4) (2 cores per cpu, 2 threads per core) family 6 model 78 stepping 3, cmov, cx8, fxsr, mmx, sse, sse2, sse3, ssse3, sse4.1, sse4.2, popcnt, avx, avx2, aes, clmul, erms, rtm, 3dnowpref, lzcnt, ht, tsc, tscinvbit, bmi1, bmi2, adx, fma

Memory: 4k page, system-wide physical 3795M (677M free)
TotalPageFile size 15571M (AvailPageFile size 5M)
current process WorkingSet (physical memory assigned to process): 9M, peak: 9M
current process commit charge ("private bytes"): 49M, peak: 50M

vm_info: Java HotSpot(TM) 64-Bit Server VM (14.0.2+12-46) for windows-amd64 JRE (14.0.2+12-46), built on Jul  9 2020 00:35:52 by "mach5one" with MS VC++ 15.9 (VS2017)

END.
