#
# A fatal error has been detected by the Java Runtime Environment:
#
#  EXCEPTION_ACCESS_VIOLATION (0xc0000005) at pc=0x0000000000000000, pid=6812, tid=11616
#
# JRE version:  (14.0.2+12) (build )
# Java VM: Java HotSpot(TM) 64-Bit Server VM (14.0.2+12-46, mixed mode, tiered, compressed oops, g1 gc, windows-amd64)
# Problematic frame:
# C  0x0000000000000000
#
# No core dump will be written. Minidumps are not enabled by default on client versions of Windows
#
# The crash happened outside the Java Virtual Machine in native code.
# See problematic frame for where to report the bug.
#

---------------  S U M M A R Y ------------

Command Line: -Dapplication.home=C:\Program Files\Java\jdk-14.0.2 --add-modules=ALL-DEFAULT -Xms8m -Djdk.module.main=jdk.compiler jdk.compiler/com.sun.tools.javac.Main -d C:\Users\admin\Documents\NetBeansProjects\Travel Managment System\build\classes -classpath C:\Users\admin\Documents\NetBeansProjects\Travel Managment System\build\classes;C:\Users\admin\Documents\NetBeansProjects\Travel Managment System\mysql-connector-java-8.0.23\mysql-connector-java-8.0.23.jar -sourcepath C:\Users\admin\Documents\NetBeansProjects\Travel Managment System\src -target 14 -encoding UTF-8 -g -processorpath C:\Users\admin\Documents\NetBeansProjects\Travel Managment System\mysql-connector-java-8.0.23\mysql-connector-java-8.0.23.jar;C:\Users\admin\Documents\NetBeansProjects\Travel Managment System\build\empty -s C:\Users\admin\Documents\NetBeansProjects\Travel Managment System\build\generated-sources\ap-source-output -source 14 C:\Users\admin\Documents\NetBeansProjects\Travel Managment System\src\travel\managment\system\CheckPackage.java

Host: Intel(R) Core(TM) i3-6100U CPU @ 2.30GHz, 4 cores, 3G,  Windows 10 , 64 bit Build 18362 (10.0.18362.1350)
Time: Fri Mar 12 11:27:40 2021 India Standard Time elapsed time: 0 seconds (0d 0h 0m 0s)

---------------  T H R E A D  ---------------

Current thread (0x0000017e8c11d000):  JavaThread "main" [_thread_in_native, id=11616, stack(0x0000006d0a700000,0x0000006d0a800000)]

Stack: [0x0000006d0a700000,0x0000006d0a800000],  sp=0x0000006d0a7fec88,  free space=1019k
Native frames: (J=compiled Java code, j=interpreted, Vv=VM code, C=native code)

Java frames: (J=compiled Java code, j=interpreted, Vv=VM code)
j  jdk.internal.util.SystemProps$Raw.platformProperties()[Ljava/lang/String;+0 java.base
j  jdk.internal.util.SystemProps$Raw.<init>()V+5 java.base
j  jdk.internal.util.SystemProps.initProperties()Ljava/util/Map;+4 java.base
j  java.lang.System.initPhase1()V+0 java.base
v  ~StubRoutines::call_stub

siginfo: EXCEPTION_ACCESS_VIOLATION (0xc0000005), data execution prevention violation at address 0x0000000000000000


Register to memory mapping:

RIP=0x0 is NULL
RAX=0x0 is NULL
RBX=0x0 is NULL
RCX=0x0 is NULL
RDX=0x0000000000004028 is an unknown value
RSP=0x0000006d0a7fec88 is pointing into the stack for thread: 0x0000017e8c11d000
RBP=0x0000006d0a7ff000 is pointing into the stack for thread: 0x0000017e8c11d000
RSI=0x0000000000000001 is an unknown value
RDI=0x0000017ea88c5901 points into unknown readable memory: 6f 6e 63 75 72 72 65
R8 =0x0 is NULL
R9 =0x0 is NULL
R10=0x0000017ea88ceb98 points into unknown readable memory: 99 fb 37 38 5d 20 18 10
R11=0x00000000000003ff is an unknown value
R12=0x0000000000000001 is an unknown value
R13=0x00000000000047ba is an unknown value
R14=0x000000000000000a is an unknown value
R15=0x0000000000000744 is an unknown value


Registers:
RAX=0x0000000000000000, RBX=0x0000000000000000, RCX=0x0000000000000000, RDX=0x0000000000004028
RSP=0x0000006d0a7fec88, RBP=0x0000006d0a7ff000, RSI=0x0000000000000001, RDI=0x0000017ea88c5901
R8 =0x0000000000000000, R9 =0x0000000000000000, R10=0x0000017ea88ceb98, R11=0x00000000000003ff
R12=0x0000000000000001, R13=0x00000000000047ba, R14=0x000000000000000a, R15=0x0000000000000744
RIP=0x0000000000000000, EFLAGS=0x0000000000010206

Top of Stack: (sp=0x0000006d0a7fec88)
0x0000006d0a7fec88:   00007ffe86f3b793 0000000000000000
0x0000006d0a7fec98:   0000000000004028 0000000000000000
0x0000006d0a7feca8:   0000000000000000 0000006d0a7fecd0
0x0000006d0a7fecb8:   00007ffea92fb91f 0000000080004005
0x0000006d0a7fecc8:   0000000000000020 0000017ea88a7b60
0x0000006d0a7fecd8:   0000006d0a7fece0 0000000000000002
0x0000006d0a7fece8:   0000000000000e10 0000000000000000
0x0000006d0a7fecf8:   0000017e89e31200 0000017ea88c6730
0x0000006d0a7fed08:   0000017e89e30000 0000017e89e302a8
0x0000006d0a7fed18:   00007ffea930130d 0000000000000020
0x0000006d0a7fed28:   0000017e89e30cc0 0000000000000000
0x0000006d0a7fed38:   0000000000000000 0000000000000000
0x0000006d0a7fed48:   0000000000000020 000000000000000c
0x0000006d0a7fed58:   0000000000000004 0000017e89ec0000
0x0000006d0a7fed68:   0000006d0a7fee29 0000000000000002
0x0000006d0a7fed78:   00007ffea92fb434 0000017e89e30000 

Instructions: (pc=0x0000000000000000)
0xffffffffffffff00:   


Stack slot to memory mapping:
stack at sp + 0 slots: 0x00007ffe86f3b793 java.dll
stack at sp + 1 slots: 0x0 is NULL
stack at sp + 2 slots: 0x0000000000004028 is an unknown value
stack at sp + 3 slots: 0x0 is NULL
stack at sp + 4 slots: 0x0 is NULL
stack at sp + 5 slots: 0x0000006d0a7fecd0 is pointing into the stack for thread: 0x0000017e8c11d000
stack at sp + 6 slots: 0x00007ffea92fb91f ntdll.dll
stack at sp + 7 slots: 0x0000000080004005 is an unknown value


---------------  P R O C E S S  ---------------

Threads class SMR info:
_java_thread_list=0x0000017ea88bf030, length=3, elements={
0x0000017e8c11d000, 0x0000017ea88c1800, 0x0000017ea88c2800
}

Java Threads: ( => current thread )
=>0x0000017e8c11d000 JavaThread "main" [_thread_in_native, id=11616, stack(0x0000006d0a700000,0x0000006d0a800000)]
  0x0000017ea88c1800 JavaThread "Reference Handler" daemon [_thread_blocked, id=16408, stack(0x0000006d0ae00000,0x0000006d0af00000)]
  0x0000017ea88c2800 JavaThread "Finalizer" daemon [_thread_blocked, id=17704, stack(0x0000006d0af00000,0x0000006d0b000000)]

Other Threads:
  0x0000017ea88a8000 VMThread "VM Thread" [stack: 0x0000006d0ad00000,0x0000006d0ae00000] [id=15944]
  0x0000017e8c14d800 GCTaskThread "GC Thread#0" [stack: 0x0000006d0a800000,0x0000006d0a900000] [id=9280]
  0x0000017e8c159000 ConcurrentGCThread "G1 Main Marker" [stack: 0x0000006d0a900000,0x0000006d0aa00000] [id=3744]
  0x0000017e8c15a000 ConcurrentGCThread "G1 Conc#0" [stack: 0x0000006d0aa00000,0x0000006d0ab00000] [id=15572]
  0x0000017e8c173800 ConcurrentGCThread "G1 Refine#0" [stack: 0x0000006d0ab00000,0x0000006d0ac00000] [id=18032]
  0x0000017e8c174800 ConcurrentGCThread "G1 Young RemSet Sampling" [stack: 0x0000006d0ac00000,0x0000006d0ad00000] [id=12792]

Threads with active compile tasks:

VM state:not at safepoint (normal execution)

VM Mutex/Monitor currently owned by a thread: None

Heap address: 0x00000000c4a00000, size: 950 MB, Compressed Oops mode: 32-bit
Narrow klass base: 0x0000000000000000, Narrow klass shift: 3
Compressed class space size: 1073741824 Address: 0x0000000100000000

Heap:
 garbage-first heap   total 8192K, used 0K [0x00000000c4a00000, 0x0000000100000000)
  region size 1024K, 1 young (1024K), 0 survivors (0K)
 Metaspace       used 1615K, capacity 4480K, committed 4480K, reserved 1056768K
  class space    used 131K, capacity 384K, committed 384K, reserved 1048576K
Heap Regions: E=young(eden), S=young(survivor), O=old, HS=humongous(starts), HC=humongous(continues), CS=collection set, F=free, OA=open archive, CA=closed archive, TAMS=top-at-mark-start (previous, next)
|   0|0x00000000c4a00000, 0x00000000c4a00000, 0x00000000c4b00000|  0%| F|  |TAMS 0x00000000c4a00000, 0x00000000c4a00000| Untracked 
|   1|0x00000000c4b00000, 0x00000000c4b00000, 0x00000000c4c00000|  0%| F|  |TAMS 0x00000000c4b00000, 0x00000000c4b00000| Untracked 
|   2|0x00000000c4c00000, 0x00000000c4c00000, 0x00000000c4d00000|  0%| F|  |TAMS 0x00000000c4c00000, 0x00000000c4c00000| Untracked 
|   3|0x00000000c4d00000, 0x00000000c4d00000, 0x00000000c4e00000|  0%| F|  |TAMS 0x00000000c4d00000, 0x00000000c4d00000| Untracked 
|   4|0x00000000c4e00000, 0x00000000c4e00000, 0x00000000c4f00000|  0%| F|  |TAMS 0x00000000c4e00000, 0x00000000c4e00000| Untracked 
|   5|0x00000000c4f00000, 0x00000000c4f00000, 0x00000000c5000000|  0%| F|  |TAMS 0x00000000c4f00000, 0x00000000c4f00000| Untracked 
|   6|0x00000000c5000000, 0x00000000c5000000, 0x00000000c5100000|  0%| F|  |TAMS 0x00000000c5000000, 0x00000000c5000000| Untracked 
|   7|0x00000000c5100000, 0x00000000c510f5d0, 0x00000000c5200000|  6%| E|  |TAMS 0x00000000c5100000, 0x00000000c5100000| Complete 

Card table byte_map: [0x0000017ea3aa0000,0x0000017ea3c80000] _byte_map_base: 0x0000017ea347b000

Marking Bits (Prev, Next): (CMBitMap*) 0x0000017e8c14f1a8, (CMBitMap*) 0x0000017e8c14f1e8
 Prev Bits: [0x0000017ea3e60000, 0x0000017ea4d38000)
 Next Bits: [0x0000017ea4d40000, 0x0000017ea5c18000)

Polling page: 0x0000017e89e90000

Metaspace:

Usage:
  Non-class:      4.00 MB capacity,     1.45 MB ( 36%) used,     2.55 MB ( 64%) free+waste,    64 bytes ( <1%) overhead. 
      Class:    384.00 KB capacity,   131.24 KB ( 34%) used,   252.70 KB ( 66%) free+waste,    64 bytes ( <1%) overhead. 
       Both:      4.38 MB capacity,     1.58 MB ( 36%) used,     2.80 MB ( 64%) free+waste,   128 bytes ( <1%) overhead. 

Virtual space:
  Non-class space:        8.00 MB reserved,       4.00 MB ( 50%) committed 
      Class space:        1.00 GB reserved,     384.00 KB ( <1%) committed 
             Both:        1.01 GB reserved,       4.38 MB ( <1%) committed 

Chunk freelists:
   Non-Class:  0 bytes
       Class:  0 bytes
        Both:  0 bytes

MaxMetaspaceSize: 17179869184.00 GB
CompressedClassSpaceSize: 1.00 GB

CodeHeap 'non-profiled nmethods': size=120000Kb used=0Kb max_used=0Kb free=120000Kb
 bounds [0x0000017e9c390000, 0x0000017e9c600000, 0x0000017ea38c0000]
CodeHeap 'profiled nmethods': size=120000Kb used=0Kb max_used=0Kb free=120000Kb
 bounds [0x0000017e94e60000, 0x0000017e950d0000, 0x0000017e9c390000]
CodeHeap 'non-nmethods': size=5760Kb used=376Kb max_used=376Kb free=5383Kb
 bounds [0x0000017e948c0000, 0x0000017e94b30000, 0x0000017e94e60000]
 total_blobs=128 nmethods=0 adapters=101
 compilation: enabled
              stopped_count=0, restarted_count=0
 full_count=0

Compilation events (0 events):
No events

GC Heap History (0 events):
No events

Deoptimization events (0 events):
No events

Classes unloaded (0 events):
No events

Classes redefined (0 events):
No events

Internal exceptions (0 events):
No events

Events (20 events):
Event: 0.313 loading class jdk/internal/ref/Cleaner
Event: 0.313 loading class jdk/internal/ref/Cleaner done
Event: 0.313 loading class java/lang/ref/ReferenceQueue
Event: 0.313 loading class java/lang/ref/ReferenceQueue done
Event: 0.313 loading class java/lang/ref/ReferenceQueue$Null
Event: 0.313 loading class java/lang/ref/ReferenceQueue$Null done
Event: 0.313 loading class java/lang/ref/ReferenceQueue$Lock
Event: 0.313 loading class java/lang/ref/ReferenceQueue$Lock done
Event: 0.313 Thread 0x0000017ea88c1800 Thread added: 0x0000017ea88c1800
Event: 0.313 loading class java/lang/ref/Reference$1
Event: 0.313 loading class jdk/internal/access/JavaLangRefAccess
Event: 0.313 loading class jdk/internal/access/JavaLangRefAccess done
Event: 0.313 loading class java/lang/ref/Reference$1 done
Event: 0.314 loading class java/lang/ref/Finalizer$FinalizerThread
Event: 0.314 loading class java/lang/ref/Finalizer$FinalizerThread done
Event: 0.314 Thread 0x0000017ea88c2800 Thread added: 0x0000017ea88c2800
Event: 0.314 loading class jdk/internal/util/SystemProps
Event: 0.314 loading class jdk/internal/util/SystemProps done
Event: 0.314 loading class jdk/internal/util/SystemProps$Raw
Event: 0.314 loading class jdk/internal/util/SystemProps$Raw done


Dynamic libraries:
0x00007ff742560000 - 0x00007ff742567000 	C:\Program Files\Java\jdk-14.0.2\bin\javac.exe
0x00007ffea92c0000 - 0x00007ffea94b0000 	C:\Windows\SYSTEM32\ntdll.dll
0x00007ffea8cc0000 - 0x00007ffea8d72000 	C:\Windows\System32\KERNEL32.DLL
0x00007ffea6cf0000 - 0x00007ffea6f95000 	C:\Windows\System32\KERNELBASE.dll
0x00007ffea6fa0000 - 0x00007ffea709a000 	C:\Windows\System32\ucrtbase.dll
0x00007ffe933e0000 - 0x00007ffe933f8000 	C:\Program Files\Java\jdk-14.0.2\bin\jli.dll
0x00007ffea7dc0000 - 0x00007ffea7e63000 	C:\Windows\System32\ADVAPI32.dll
0x00007ffea7440000 - 0x00007ffea74de000 	C:\Windows\System32\msvcrt.dll
0x00007ffea82a0000 - 0x00007ffea8337000 	C:\Windows\System32\sechost.dll
0x00007ffea8100000 - 0x00007ffea821f000 	C:\Windows\System32\RPCRT4.dll
0x00007ffea8420000 - 0x00007ffea85b4000 	C:\Windows\System32\USER32.dll
0x00007ffea7150000 - 0x00007ffea7171000 	C:\Windows\System32\win32u.dll
0x00007ffea7bd0000 - 0x00007ffea7bf6000 	C:\Windows\System32\GDI32.dll
0x00007ffea6a70000 - 0x00007ffea6c08000 	C:\Windows\System32\gdi32full.dll
0x00007ffea72d0000 - 0x00007ffea736e000 	C:\Windows\System32\msvcp_win.dll
0x00007ffe88cc0000 - 0x00007ffe88cd5000 	C:\Program Files\Java\jdk-14.0.2\bin\VCRUNTIME140.dll
0x00007ffe9e1e0000 - 0x00007ffe9e464000 	C:\Windows\WinSxS\amd64_microsoft.windows.common-controls_6595b64144ccf1df_6.0.18362.1379_none_9e7ff3b3e45cc0c4\COMCTL32.dll
0x00007ffea8e50000 - 0x00007ffea9187000 	C:\Windows\System32\combase.dll
0x00007ffea69e0000 - 0x00007ffea6a61000 	C:\Windows\System32\bcryptPrimitives.dll
0x00007ffea4fb0000 - 0x00007ffea4fba000 	C:\Windows\SYSTEM32\VERSION.dll
0x00007ffea9250000 - 0x00007ffea927e000 	C:\Windows\System32\IMM32.DLL
0x00007ffe779b0000 - 0x00007ffe77a4b000 	C:\Program Files\Java\jdk-14.0.2\bin\msvcp140.dll
0x00007ffe4bd90000 - 0x00007ffe4c8ae000 	C:\Program Files\Java\jdk-14.0.2\bin\server\jvm.dll
0x00007ffea8700000 - 0x00007ffea8708000 	C:\Windows\System32\PSAPI.DLL
0x00007ffe9ae50000 - 0x00007ffe9ae59000 	C:\Windows\SYSTEM32\WSOCK32.dll
0x00007ffea8670000 - 0x00007ffea86df000 	C:\Windows\System32\WS2_32.dll
0x00007ffea3ab0000 - 0x00007ffea3ad4000 	C:\Windows\SYSTEM32\WINMM.dll
0x00007ffea3a80000 - 0x00007ffea3aad000 	C:\Windows\SYSTEM32\WINMMBASE.dll
0x00007ffea7100000 - 0x00007ffea714a000 	C:\Windows\System32\cfgmgr32.dll
0x00007ffea6200000 - 0x00007ffea6211000 	C:\Windows\System32\kernel.appcore.dll
0x00007ffea0f80000 - 0x00007ffea0f8a000 	C:\Program Files\Java\jdk-14.0.2\bin\jimage.dll
0x00007ffe98100000 - 0x00007ffe982f4000 	C:\Windows\SYSTEM32\DBGHELP.DLL
0x00007ffe968a0000 - 0x00007ffe968ca000 	C:\Windows\SYSTEM32\dbgcore.DLL
0x00007ffe86f30000 - 0x00007ffe86f55000 	C:\Program Files\Java\jdk-14.0.2\bin\java.dll
0x00007ffe88340000 - 0x00007ffe88356000 	C:\Program Files\Java\jdk-14.0.2\bin\zip.dll

dbghelp: loaded successfully - version: 4.0.5 - missing functions: none
symbol engine: initialized successfully - sym options: 0x614 - pdb path: .;C:\Program Files\Java\jdk-14.0.2\bin;C:\Windows\SYSTEM32;C:\Windows\WinSxS\amd64_microsoft.windows.common-controls_6595b64144ccf1df_6.0.18362.1379_none_9e7ff3b3e45cc0c4;C:\Program Files\Java\jdk-14.0.2\bin\server

VM Arguments:
jvm_args: -Dapplication.home=C:\Program Files\Java\jdk-14.0.2 --add-modules=ALL-DEFAULT -Xms8m -Djdk.module.main=jdk.compiler 
java_command: jdk.compiler/com.sun.tools.javac.Main -d C:\Users\admin\Documents\NetBeansProjects\Travel Managment System\build\classes -classpath C:\Users\admin\Documents\NetBeansProjects\Travel Managment System\build\classes;C:\Users\admin\Documents\NetBeansProjects\Travel Managment System\mysql-connector-java-8.0.23\mysql-connector-java-8.0.23.jar -sourcepath C:\Users\admin\Documents\NetBeansProjects\Travel Managment System\src -target 14 -encoding UTF-8 -g -processorpath C:\Users\admin\Documents\NetBeansProjects\Travel Managment System\mysql-connector-java-8.0.23\mysql-connector-java-8.0.23.jar;C:\Users\admin\Documents\NetBeansProjects\Travel Managment System\build\empty -s C:\Users\admin\Documents\NetBeansProjects\Travel Managment System\build\generated-sources\ap-source-output -source 14 C:\Users\admin\Documents\NetBeansProjects\Travel Managment System\src\travel\managment\system\CheckPackage.java
java_class_path (initial): <not set>
Launcher Type: SUN_STANDARD

[Global flags]
     intx CICompilerCount                          = 3                                         {product} {ergonomic}
     uint ConcGCThreads                            = 1                                         {product} {ergonomic}
     uint G1ConcRefinementThreads                  = 4                                         {product} {ergonomic}
   size_t G1HeapRegionSize                         = 1048576                                   {product} {ergonomic}
    uintx GCDrainStackTargetSize                   = 64                                        {product} {ergonomic}
   size_t InitialHeapSize                          = 8388608                                   {product} {command line}
   size_t MarkStackSize                            = 4194304                                   {product} {ergonomic}
   size_t MaxHeapSize                              = 996147200                                 {product} {ergonomic}
   size_t MaxNewSize                               = 597688320                                 {product} {ergonomic}
   size_t MinHeapDeltaBytes                        = 1048576                                   {product} {ergonomic}
   size_t MinHeapSize                              = 8388608                                   {product} {command line}
    uintx NonNMethodCodeHeapSize                   = 5832780                                {pd product} {ergonomic}
    uintx NonProfiledCodeHeapSize                  = 122912730                              {pd product} {ergonomic}
    uintx ProfiledCodeHeapSize                     = 122912730                              {pd product} {ergonomic}
    uintx ReservedCodeCacheSize                    = 251658240                              {pd product} {ergonomic}
     bool SegmentedCodeCache                       = true                                      {product} {ergonomic}
   size_t SoftMaxHeapSize                          = 996147200                              {manageable} {ergonomic}
     bool UseCompressedClassPointers               = true                                 {lp64_product} {ergonomic}
     bool UseCompressedOops                        = true                                 {lp64_product} {ergonomic}
     bool UseG1GC                                  = true                                      {product} {ergonomic}
     bool UseLargePagesIndividualAllocation        = false                                  {pd product} {ergonomic}

Logging:
Log output configuration:
 #0: stdout all=warning uptime,level,tags
 #1: stderr all=off uptime,level,tags

Environment Variables:
JAVA_HOME=C:\Program Files\Java\jdk-14.0.2
PATH=C:\Windows\system32;C:\Windows;C:\Windows\System32\Wbem;C:\Windows\System32\WindowsPowerShell\v1.0\;C:\Windows\System32\OpenSSH\;C:\Program Files\Java\jdk-14.0.2\bin;c:\Program Files (x86)\Microsoft SQL Server\90\Tools\binn\;C:\Program Files\MySQL\MySQL Server 5.5\bin;C:\Users\admin\AppData\Local\Microsoft\WindowsApps;
USERNAME=admin
OS=Windows_NT
PROCESSOR_IDENTIFIER=Intel64 Family 6 Model 78 Stepping 3, GenuineIntel



---------------  S Y S T E M  ---------------

OS: Windows 10 , 64 bit Build 18362 (10.0.18362.1350)
OS uptime: 7 days 0:22 hours

CPU:total 4 (initial active 4) (2 cores per cpu, 2 threads per core) family 6 model 78 stepping 3, cmov, cx8, fxsr, mmx, sse, sse2, sse3, ssse3, sse4.1, sse4.2, popcnt, avx, avx2, aes, clmul, erms, rtm, 3dnowpref, lzcnt, ht, tsc, tscinvbit, bmi1, bmi2, adx, fma

Memory: 4k page, system-wide physical 3795M (803M free)
TotalPageFile size 15571M (AvailPageFile size 5M)
current process WorkingSet (physical memory assigned to process): 16M, peak: 16M
current process commit charge ("private bytes"): 66M, peak: 71M

vm_info: Java HotSpot(TM) 64-Bit Server VM (14.0.2+12-46) for windows-amd64 JRE (14.0.2+12-46), built on Jul  9 2020 00:35:52 by "mach5one" with MS VC++ 15.9 (VS2017)

END.
